{
  "stats": {
    "suites": 1,
    "tests": 1,
    "passes": 1,
    "pending": 0,
    "failures": 0,
    "start": "2024-05-23T14:59:28.965Z",
    "end": "2024-05-23T14:59:49.181Z",
    "duration": 20216,
    "testsRegistered": 1,
    "passPercent": 100,
    "pendingPercent": 0,
    "other": 0,
    "hasOther": false,
    "skipped": 0,
    "hasSkipped": false
  },
  "results": [
    {
      "uuid": "5ad1a31e-59e7-4d05-9e59-58379844fc55",
      "title": "",
      "fullFile": "cypress\\e2e\\image_upload.cy.js",
      "file": "cypress\\e2e\\image_upload.cy.js",
      "beforeHooks": [],
      "afterHooks": [],
      "tests": [],
      "suites": [
        {
          "uuid": "859a1acd-0b3d-4442-8420-dc2c4215a3d6",
          "title": "Image upload",
          "fullFile": "",
          "file": "",
          "beforeHooks": [],
          "afterHooks": [],
          "tests": [
            {
              "title": "Upload new image",
              "fullTitle": "Image upload Upload new image",
              "timedOut": null,
              "duration": 12348,
              "state": "passed",
              "speed": "slow",
              "pass": true,
              "fail": false,
              "pending": false,
              "context": null,
              "code": "cy.get('#file-input').attachFile('../fixtures/image.jpg');\ncy.wait(6000);\ncy.get(\".ToastContainer\").contains(\"Complete\");",
              "err": {},
              "uuid": "7f030ac6-addf-4557-b27e-8df16708b763",
              "parentUUID": "859a1acd-0b3d-4442-8420-dc2c4215a3d6",
              "isHook": false,
              "skipped": false
            }
          ],
          "suites": [],
          "passes": [
            "7f030ac6-addf-4557-b27e-8df16708b763"
          ],
          "failures": [],
          "pending": [],
          "skipped": [],
          "duration": 12348,
          "root": false,
          "rootEmpty": false,
          "_timeout": 2000
        }
      ],
      "passes": [],
      "failures": [],
      "pending": [],
      "skipped": [],
      "duration": 0,
      "root": true,
      "rootEmpty": true,
      "_timeout": 2000
    }
  ],
  "meta": {
    "mocha": {
      "version": "7.0.1"
    },
    "mochawesome": {
      "options": {
        "quiet": false,
        "reportFilename": "mochawesome",
        "saveHtml": false,
        "saveJson": true,
        "consoleReporter": "spec",
        "useInlineDiffs": false,
        "code": true
      },
      "version": "7.1.3"
    },
    "marge": {
      "options": {
        "reportDir": "cypress/results",
        "overwrite": false,
        "html": false,
        "json": true
      },
      "version": "6.2.0"
    }
  }
}