{
  "stats": {
    "suites": 1,
    "tests": 2,
    "passes": 2,
    "pending": 0,
    "failures": 0,
    "start": "2024-05-23T14:59:53.060Z",
    "end": "2024-05-23T15:00:10.208Z",
    "duration": 17148,
    "testsRegistered": 2,
    "passPercent": 100,
    "pendingPercent": 0,
    "other": 0,
    "hasOther": false,
    "skipped": 0,
    "hasSkipped": false
  },
  "results": [
    {
      "uuid": "0de1ef83-2763-4452-b25d-1447e4654df5",
      "title": "",
      "fullFile": "cypress\\e2e\\test_reports.cy.js",
      "file": "cypress\\e2e\\test_reports.cy.js",
      "beforeHooks": [],
      "afterHooks": [],
      "tests": [],
      "suites": [
        {
          "uuid": "ccf2ca40-3067-4cfa-9f9f-f5bea6c3dd28",
          "title": "Navigation tests",
          "fullFile": "",
          "file": "",
          "beforeHooks": [],
          "afterHooks": [],
          "tests": [
            {
              "title": "Navigation to New upload",
              "fullTitle": "Navigation tests Navigation to New upload",
              "timedOut": null,
              "duration": 3968,
              "state": "passed",
              "speed": "fast",
              "pass": true,
              "fail": false,
              "pending": false,
              "context": null,
              "code": "cy.get('[href=\"/upload\"]').should('have.text', 'New post');\ncy.get('[href=\"/upload\"]').click();\ncy.url('https://imgur.com/upload').should('contain', '/upload');\ncy.get('.UploadDialog').should('be.visible');",
              "err": {},
              "uuid": "776610e4-4d45-444a-95fd-1e36f2caa6d2",
              "parentUUID": "ccf2ca40-3067-4cfa-9f9f-f5bea6c3dd28",
              "isHook": false,
              "skipped": false
            },
            {
              "title": "Navigartion back to home page",
              "fullTitle": "Navigation tests Navigartion back to home page",
              "timedOut": null,
              "duration": 9755,
              "state": "passed",
              "speed": "medium",
              "pass": true,
              "fail": false,
              "pending": false,
              "context": null,
              "code": "cy.get('[href=\"/upload\"]').click();\ncy.get('.PopUpClose').click();\ncy.get('svg').click();\ncy.url('https://imgur.com');",
              "err": {},
              "uuid": "538567b7-eb18-46a3-b9a9-bc4e316b0dca",
              "parentUUID": "ccf2ca40-3067-4cfa-9f9f-f5bea6c3dd28",
              "isHook": false,
              "skipped": false
            }
          ],
          "suites": [],
          "passes": [
            "776610e4-4d45-444a-95fd-1e36f2caa6d2",
            "538567b7-eb18-46a3-b9a9-bc4e316b0dca"
          ],
          "failures": [],
          "pending": [],
          "skipped": [],
          "duration": 13723,
          "root": false,
          "rootEmpty": false,
          "_timeout": 2000
        }
      ],
      "passes": [],
      "failures": [],
      "pending": [],
      "skipped": [],
      "duration": 0,
      "root": true,
      "rootEmpty": true,
      "_timeout": 2000
    }
  ],
  "meta": {
    "mocha": {
      "version": "7.0.1"
    },
    "mochawesome": {
      "options": {
        "quiet": false,
        "reportFilename": "mochawesome",
        "saveHtml": false,
        "saveJson": true,
        "consoleReporter": "spec",
        "useInlineDiffs": false,
        "code": true
      },
      "version": "7.1.3"
    },
    "marge": {
      "options": {
        "reportDir": "cypress/results",
        "overwrite": false,
        "html": false,
        "json": true
      },
      "version": "6.2.0"
    }
  }
}